<?xml version="1.0" encoding="UTF-8"?>
<!-- Generated by org.testng.reporters.JUnitReportReporter -->
<testsuite hostname="LIN59019856" failures="0" tests="1" name="weather.Test_Api" time="2.588" errors="0" timestamp="2022-01-28T14:11:26 IST" skipped="0">
  <testcase classname="weather.Test_Api" name="testGet2" time="2.588"/>
  <system-out/>
</testsuite> <!-- weather.Test_Api -->
