<?xml version="1.0" encoding="UTF-8"?>
<!-- Generated by org.testng.reporters.JUnitReportReporter -->
<testsuite hostname="LIN59019856" failures="0" tests="1" name="weather.Test_Api$Get_Api" time="1.826" errors="0" timestamp="2022-01-28T13:12:19 IST" skipped="0">
  <testcase classname="weather.Test_Api$Get_Api" name="testGet2" time="1.826"/>
  <system-out/>
</testsuite> <!-- weather.Test_Api$Get_Api -->
