<?xml version="1.0" encoding="UTF-8"?>
<!-- Generated by org.testng.reporters.JUnitReportReporter -->
<testsuite hostname="LIN59019856" failures="0" tests="7" name="weather.test" time="6.569" errors="0" timestamp="2022-02-04T17:40:37 IST" skipped="0">
  <testcase classname="weather.test" name="testGet" time="2.186"/>
  <system-out/>
  <testcase classname="weather.test" name="testpost1" time="1.078"/>
  <system-out/>
  <testcase classname="weather.test" name="testpost2" time="0.664"/>
  <system-out/>
  <testcase classname="weather.test" name="testGet2" time="0.637"/>
  <system-out/>
  <testcase classname="weather.test" name="deleteWeatherRecord" time="0.643"/>
  <system-out/>
  <testcase classname="weather.test" name="deleteWeatherRecord2" time="0.641"/>
  <system-out/>
  <testcase classname="weather.test" name="deleteWeatherRecord3" time="0.720"/>
  <system-out/>
</testsuite> <!-- weather.test -->
