<?xml version="1.0" encoding="UTF-8"?>
<!-- Generated by org.testng.reporters.JUnitReportReporter -->
<testsuite hostname="LIN59019856" failures="0" tests="7" name="weather.test" time="6.986" errors="0" timestamp="2022-02-03T15:38:27 IST" skipped="0">
  <testcase classname="weather.test" name="testGet" time="1.745"/>
  <system-out/>
  <testcase classname="weather.test" name="testpost1" time="1.068"/>
  <system-out/>
  <testcase classname="weather.test" name="testpost2" time="0.711"/>
  <system-out/>
  <testcase classname="weather.test" name="testGet2" time="0.674"/>
  <system-out/>
  <testcase classname="weather.test" name="deleteWeatherRecord" time="1.326"/>
  <system-out/>
  <testcase classname="weather.test" name="deleteWeatherRecord2" time="0.696"/>
  <system-out/>
  <testcase classname="weather.test" name="deleteWeatherRecord3" time="0.766"/>
  <system-out/>
</testsuite> <!-- weather.test -->
